Started GET "/" for 127.0.0.1 at 2018-11-04 18:05:27 +0900
  
ActiveRecord::PendingMigrationError (

Migrations are pending. To resolve this issue, run:

        bin/rails db:migrate RAILS_ENV=development

):
  
activerecord (5.2.0) lib/active_record/migration.rb:579:in `check_pending!'
activerecord (5.2.0) lib/active_record/migration.rb:556:in `call'
actionpack (5.2.0) lib/action_dispatch/middleware/callbacks.rb:28:in `block in call'
activesupport (5.2.0) lib/active_support/callbacks.rb:98:in `run_callbacks'
actionpack (5.2.0) lib/action_dispatch/middleware/callbacks.rb:26:in `call'
actionpack (5.2.0) lib/action_dispatch/middleware/executor.rb:14:in `call'
actionpack (5.2.0) lib/action_dispatch/middleware/debug_exceptions.rb:61:in `call'
web-console (3.6.2) lib/web_console/middleware.rb:135:in `call_app'
web-console (3.6.2) lib/web_console/middleware.rb:30:in `block in call'
web-console (3.6.2) lib/web_console/middleware.rb:20:in `catch'
web-console (3.6.2) lib/web_console/middleware.rb:20:in `call'
actionpack (5.2.0) lib/action_dispatch/middleware/show_exceptions.rb:33:in `call'
railties (5.2.0) lib/rails/rack/logger.rb:38:in `call_app'
railties (5.2.0) lib/rails/rack/logger.rb:26:in `block in call'
activesupport (5.2.0) lib/active_support/tagged_logging.rb:71:in `block in tagged'
activesupport (5.2.0) lib/active_support/tagged_logging.rb:28:in `tagged'
activesupport (5.2.0) lib/active_support/tagged_logging.rb:71:in `tagged'
railties (5.2.0) lib/rails/rack/logger.rb:26:in `call'
sprockets-rails (3.2.1) lib/sprockets/rails/quiet_assets.rb:13:in `call'
actionpack (5.2.0) lib/action_dispatch/middleware/remote_ip.rb:81:in `call'
actionpack (5.2.0) lib/action_dispatch/middleware/request_id.rb:27:in `call'
rack (2.0.5) lib/rack/method_override.rb:22:in `call'
rack (2.0.5) lib/rack/runtime.rb:22:in `call'
activesupport (5.2.0) lib/active_support/cache/strategy/local_cache_middleware.rb:29:in `call'
actionpack (5.2.0) lib/action_dispatch/middleware/executor.rb:14:in `call'
actionpack (5.2.0) lib/action_dispatch/middleware/static.rb:127:in `call'
rack (2.0.5) lib/rack/sendfile.rb:111:in `call'
railties (5.2.0) lib/rails/engine.rb:524:in `call'
puma (3.11.4) lib/puma/configuration.rb:225:in `call'
puma (3.11.4) lib/puma/server.rb:632:in `handle_request'
puma (3.11.4) lib/puma/server.rb:446:in `process_client'
puma (3.11.4) lib/puma/server.rb:306:in `block in run'
puma (3.11.4) lib/puma/thread_pool.rb:120:in `block in spawn_thread'
  [1m[35m (0.1ms)[0m  [1m[34mSELECT sqlite_version(*)[0m
  ↳ bin/rails:4
  [1m[35m (3.0ms)[0m  [1m[35mCREATE TABLE "schema_migrations" ("version" varchar NOT NULL PRIMARY KEY)[0m
  ↳ bin/rails:4
  [1m[35m (1.3ms)[0m  [1m[35mCREATE TABLE "ar_internal_metadata" ("key" varchar NOT NULL PRIMARY KEY, "value" varchar, "created_at" datetime NOT NULL, "updated_at" datetime NOT NULL)[0m
  ↳ bin/rails:4
  [1m[35m (0.1ms)[0m  [1m[34mSELECT "schema_migrations"."version" FROM "schema_migrations" ORDER BY "schema_migrations"."version" ASC[0m
  ↳ bin/rails:4
Migrating to CreateMembers (20180401034353)
  [1m[35m (0.1ms)[0m  [1m[36mbegin transaction[0m
  ↳ bin/rails:4
  [1m[35m (0.4ms)[0m  [1m[35mCREATE TABLE "members" ("id" integer PRIMARY KEY AUTOINCREMENT NOT NULL, "number" integer NOT NULL, "name" varchar NOT NULL, "full_name" varchar, "email" varchar, "birthday" date, "gender" integer DEFAULT 0 NOT NULL, "administrator" boolean DEFAULT 0 NOT NULL, "created_at" datetime NOT NULL, "updated_at" datetime NOT NULL)[0m
  ↳ db/migrate/20180401034353_create_members.rb:3
  [1m[36mActiveRecord::SchemaMigration Create (0.2ms)[0m  [1m[32mINSERT INTO "schema_migrations" ("version") VALUES (?)[0m  [["version", "20180401034353"]]
  ↳ bin/rails:4
  [1m[35m (0.6ms)[0m  [1m[36mcommit transaction[0m
  ↳ bin/rails:4
Migrating to AlterMembers1 (20180404135309)
  [1m[35m (0.0ms)[0m  [1m[36mbegin transaction[0m
  ↳ bin/rails:4
  [1m[35m (0.5ms)[0m  [1m[35mALTER TABLE "members" ADD "password_digest" varchar[0m
  ↳ db/migrate/20180404135309_alter_members1.rb:3
  [1m[36mActiveRecord::SchemaMigration Create (0.2ms)[0m  [1m[32mINSERT INTO "schema_migrations" ("version") VALUES (?)[0m  [["version", "20180404135309"]]
  ↳ bin/rails:4
  [1m[35m (0.5ms)[0m  [1m[36mcommit transaction[0m
  ↳ bin/rails:4
Migrating to CreateArticles (20180408135542)
  [1m[35m (0.0ms)[0m  [1m[36mbegin transaction[0m
  ↳ bin/rails:4
  [1m[35m (0.3ms)[0m  [1m[35mCREATE TABLE "articles" ("id" integer PRIMARY KEY AUTOINCREMENT NOT NULL, "title" varchar NOT NULL, "body" text NOT NULL, "released_at" datetime NOT NULL, "expired_at" datetime, "member_only" boolean DEFAULT 0 NOT NULL, "created_at" datetime NOT NULL, "updated_at" datetime NOT NULL)[0m
  ↳ db/migrate/20180408135542_create_articles.rb:3
  [1m[36mActiveRecord::SchemaMigration Create (0.1ms)[0m  [1m[32mINSERT INTO "schema_migrations" ("version") VALUES (?)[0m  [["version", "20180408135542"]]
  ↳ bin/rails:4
  [1m[35m (0.5ms)[0m  [1m[36mcommit transaction[0m
  ↳ bin/rails:4
Migrating to CreateEntries (20180411112225)
  [1m[35m (0.1ms)[0m  [1m[36mbegin transaction[0m
  ↳ bin/rails:4
  [1m[35m (0.3ms)[0m  [1m[35mCREATE TABLE "entries" ("id" integer PRIMARY KEY AUTOINCREMENT NOT NULL, "member_id" integer NOT NULL, "title" varchar NOT NULL, "body" text, "posted_at" datetime NOT NULL, "status" varchar DEFAULT 'draft' NOT NULL, "created_at" datetime NOT NULL, "updated_at" datetime NOT NULL)[0m
  ↳ db/migrate/20180411112225_create_entries.rb:3
  [1m[35m (0.1ms)[0m  [1m[35mCREATE  INDEX "index_entries_on_member_id" ON "entries" ("member_id")[0m
  ↳ db/migrate/20180411112225_create_entries.rb:3
  [1m[36mActiveRecord::SchemaMigration Create (0.1ms)[0m  [1m[32mINSERT INTO "schema_migrations" ("version") VALUES (?)[0m  [["version", "20180411112225"]]
  ↳ bin/rails:4
  [1m[35m (0.8ms)[0m  [1m[36mcommit transaction[0m
  ↳ bin/rails:4
Migrating to CreateActiveStorageTables (20180414005800)
  [1m[35m (0.1ms)[0m  [1m[36mbegin transaction[0m
  ↳ bin/rails:4
  [1m[35m (0.5ms)[0m  [1m[35mCREATE TABLE "active_storage_blobs" ("id" integer PRIMARY KEY AUTOINCREMENT NOT NULL, "key" varchar NOT NULL, "filename" varchar NOT NULL, "content_type" varchar, "metadata" text, "byte_size" bigint NOT NULL, "checksum" varchar NOT NULL, "created_at" datetime NOT NULL)[0m
  ↳ db/migrate/20180414005800_create_active_storage_tables.active_storage.rb:4
  [1m[35m (0.2ms)[0m  [1m[35mCREATE UNIQUE INDEX "index_active_storage_blobs_on_key" ON "active_storage_blobs" ("key")[0m
  ↳ db/migrate/20180414005800_create_active_storage_tables.active_storage.rb:4
  [1m[35m (0.2ms)[0m  [1m[35mCREATE TABLE "active_storage_attachments" ("id" integer PRIMARY KEY AUTOINCREMENT NOT NULL, "name" varchar NOT NULL, "record_type" varchar NOT NULL, "record_id" integer NOT NULL, "blob_id" integer NOT NULL, "created_at" datetime NOT NULL)[0m
  ↳ db/migrate/20180414005800_create_active_storage_tables.active_storage.rb:16
  [1m[35m (0.9ms)[0m  [1m[35mCREATE  INDEX "index_active_storage_attachments_on_blob_id" ON "active_storage_attachments" ("blob_id")[0m
  ↳ db/migrate/20180414005800_create_active_storage_tables.active_storage.rb:16
  [1m[35m (0.1ms)[0m  [1m[35mCREATE UNIQUE INDEX "index_active_storage_attachments_uniqueness" ON "active_storage_attachments" ("record_type", "record_id", "name", "blob_id")[0m
  ↳ db/migrate/20180414005800_create_active_storage_tables.active_storage.rb:16
  [1m[36mActiveRecord::SchemaMigration Create (0.1ms)[0m  [1m[32mINSERT INTO "schema_migrations" ("version") VALUES (?)[0m  [["version", "20180414005800"]]
  ↳ bin/rails:4
  [1m[35m (0.6ms)[0m  [1m[36mcommit transaction[0m
  ↳ bin/rails:4
Migrating to CreateEntryImages (20180415025323)
  [1m[35m (0.0ms)[0m  [1m[36mbegin transaction[0m
  ↳ bin/rails:4
  [1m[35m (0.3ms)[0m  [1m[35mCREATE TABLE "entry_images" ("id" integer PRIMARY KEY AUTOINCREMENT NOT NULL, "entry_id" integer, "alt_text" varchar DEFAULT '' NOT NULL, "position" integer, "created_at" datetime NOT NULL, "updated_at" datetime NOT NULL)[0m
  ↳ db/migrate/20180415025323_create_entry_images.rb:3
  [1m[35m (0.1ms)[0m  [1m[35mCREATE  INDEX "index_entry_images_on_entry_id" ON "entry_images" ("entry_id")[0m
  ↳ db/migrate/20180415025323_create_entry_images.rb:3
  [1m[36mActiveRecord::SchemaMigration Create (0.1ms)[0m  [1m[32mINSERT INTO "schema_migrations" ("version") VALUES (?)[0m  [["version", "20180415025323"]]
  ↳ bin/rails:4
  [1m[35m (0.7ms)[0m  [1m[36mcommit transaction[0m
  ↳ bin/rails:4
Migrating to CreateVotes (20180416141455)
  [1m[35m (0.0ms)[0m  [1m[36mbegin transaction[0m
  ↳ bin/rails:4
  [1m[35m (0.5ms)[0m  [1m[35mCREATE TABLE "votes" ("id" integer PRIMARY KEY AUTOINCREMENT NOT NULL, "entry_id" integer NOT NULL, "member_id" integer NOT NULL, "created_at" datetime NOT NULL, "updated_at" datetime NOT NULL)[0m
  ↳ db/migrate/20180416141455_create_votes.rb:3
  [1m[35m (0.1ms)[0m  [1m[35mCREATE  INDEX "index_votes_on_entry_id" ON "votes" ("entry_id")[0m
  ↳ db/migrate/20180416141455_create_votes.rb:3
  [1m[35m (0.1ms)[0m  [1m[35mCREATE  INDEX "index_votes_on_member_id" ON "votes" ("member_id")[0m
  ↳ db/migrate/20180416141455_create_votes.rb:3
  [1m[36mActiveRecord::SchemaMigration Create (0.1ms)[0m  [1m[32mINSERT INTO "schema_migrations" ("version") VALUES (?)[0m  [["version", "20180416141455"]]
  ↳ bin/rails:4
  [1m[35m (0.5ms)[0m  [1m[36mcommit transaction[0m
  ↳ bin/rails:4
  [1m[36mActiveRecord::InternalMetadata Load (0.1ms)[0m  [1m[34mSELECT  "ar_internal_metadata".* FROM "ar_internal_metadata" WHERE "ar_internal_metadata"."key" = ? LIMIT ?[0m  [["key", "environment"], ["LIMIT", 1]]
  ↳ bin/rails:4
  [1m[35m (0.0ms)[0m  [1m[36mbegin transaction[0m
  ↳ bin/rails:4
  [1m[36mActiveRecord::InternalMetadata Create (0.2ms)[0m  [1m[32mINSERT INTO "ar_internal_metadata" ("key", "value", "created_at", "updated_at") VALUES (?, ?, ?, ?)[0m  [["key", "environment"], ["value", "development"], ["created_at", "2018-11-04 09:06:01.852594"], ["updated_at", "2018-11-04 09:06:01.852594"]]
  ↳ bin/rails:4
  [1m[35m (0.7ms)[0m  [1m[36mcommit transaction[0m
  ↳ bin/rails:4
  [1m[35m (0.2ms)[0m  [1m[34mSELECT "schema_migrations"."version" FROM "schema_migrations" ORDER BY "schema_migrations"."version" ASC[0m
  ↳ bin/rails:4
Started GET "/" for 127.0.0.1 at 2018-11-04 18:06:09 +0900
  [1m[35m (0.1ms)[0m  [1m[34mSELECT "schema_migrations"."version" FROM "schema_migrations" ORDER BY "schema_migrations"."version" ASC[0m
  ↳ /Users/owner/.rbenv/versions/2.5.1/lib/ruby/gems/2.5.0/gems/activerecord-5.2.0/lib/active_record/log_subscriber.rb:98
Processing by TopController#index as HTML
  Rendering top/index.html.erb within layouts/application
  Rendered top/index.html.erb within layouts/application (0.5ms)
Completed 200 OK in 213ms (Views: 205.2ms | ActiveRecord: 0.0ms)


Started GET "/" for 127.0.0.1 at 2018-11-04 19:59:40 +0900
  [1m[35m (0.1ms)[0m  [1m[34mSELECT "schema_migrations"."version" FROM "schema_migrations" ORDER BY "schema_migrations"."version" ASC[0m
  ↳ /Users/owner/.rbenv/versions/2.5.1/lib/ruby/gems/2.5.0/gems/activerecord-5.2.0/lib/active_record/log_subscriber.rb:98
Processing by TopController#index as HTML
  Rendering top/index.html.erb within layouts/application
  Rendered top/index.html.erb within layouts/application (0.6ms)
Completed 200 OK in 165ms (Views: 156.7ms | ActiveRecord: 0.0ms)


Started GET "/" for 127.0.0.1 at 2018-11-04 19:59:43 +0900
Processing by TopController#index as HTML
  Rendering top/index.html.erb within layouts/application
  Rendered top/index.html.erb within layouts/application (0.3ms)
Completed 200 OK in 15ms (Views: 13.3ms | ActiveRecord: 0.0ms)


Started GET "/login" for 127.0.0.1 at 2018-11-04 19:59:54 +0900
  
ActionController::RoutingError (No route matches [GET] "/login"):
  
actionpack (5.2.0) lib/action_dispatch/middleware/debug_exceptions.rb:65:in `call'
web-console (3.6.2) lib/web_console/middleware.rb:135:in `call_app'
web-console (3.6.2) lib/web_console/middleware.rb:30:in `block in call'
web-console (3.6.2) lib/web_console/middleware.rb:20:in `catch'
web-console (3.6.2) lib/web_console/middleware.rb:20:in `call'
actionpack (5.2.0) lib/action_dispatch/middleware/show_exceptions.rb:33:in `call'
railties (5.2.0) lib/rails/rack/logger.rb:38:in `call_app'
railties (5.2.0) lib/rails/rack/logger.rb:26:in `block in call'
activesupport (5.2.0) lib/active_support/tagged_logging.rb:71:in `block in tagged'
activesupport (5.2.0) lib/active_support/tagged_logging.rb:28:in `tagged'
activesupport (5.2.0) lib/active_support/tagged_logging.rb:71:in `tagged'
railties (5.2.0) lib/rails/rack/logger.rb:26:in `call'
sprockets-rails (3.2.1) lib/sprockets/rails/quiet_assets.rb:13:in `call'
actionpack (5.2.0) lib/action_dispatch/middleware/remote_ip.rb:81:in `call'
actionpack (5.2.0) lib/action_dispatch/middleware/request_id.rb:27:in `call'
rack (2.0.5) lib/rack/method_override.rb:22:in `call'
rack (2.0.5) lib/rack/runtime.rb:22:in `call'
activesupport (5.2.0) lib/active_support/cache/strategy/local_cache_middleware.rb:29:in `call'
actionpack (5.2.0) lib/action_dispatch/middleware/executor.rb:14:in `call'
actionpack (5.2.0) lib/action_dispatch/middleware/static.rb:127:in `call'
rack (2.0.5) lib/rack/sendfile.rb:111:in `call'
railties (5.2.0) lib/rails/engine.rb:524:in `call'
puma (3.11.4) lib/puma/configuration.rb:225:in `call'
puma (3.11.4) lib/puma/server.rb:632:in `handle_request'
puma (3.11.4) lib/puma/server.rb:446:in `process_client'
puma (3.11.4) lib/puma/server.rb:306:in `block in run'
puma (3.11.4) lib/puma/thread_pool.rb:120:in `block in spawn_thread'
Started GET "/lesson/step1/Sato" for 127.0.0.1 at 2018-11-04 20:00:01 +0900
Processing by LessonController#step1 as HTML
  Parameters: {"name"=>"Sato"}
  Rendering text template
  Rendered text template (0.1ms)
Completed 200 OK in 3ms (Views: 2.1ms | ActiveRecord: 0.0ms)


Started GET "/lesson/step2" for 127.0.0.1 at 2018-11-04 20:01:44 +0900
Processing by LessonController#step2 as HTML
Completed 500 Internal Server Error in 1ms (ActiveRecord: 0.0ms)


  
NoMethodError (undefined method `+' for nil:NilClass):
  
app/controllers/lesson_controller.rb:8:in `step2'
Started GET "/lesson/step2" for 127.0.0.1 at 2018-11-04 20:02:12 +0900
Processing by LessonController#step2 as HTML
  Rendering text template
  Rendered text template (0.0ms)
Completed 200 OK in 1ms (Views: 0.5ms | ActiveRecord: 0.0ms)


Started GET "/lesson/step2" for 127.0.0.1 at 2018-11-04 20:18:43 +0900
Processing by LessonController#step2 as HTML
  Rendering text template
  Rendered text template (0.0ms)
Completed 200 OK in 1ms (Views: 0.4ms | ActiveRecord: 0.0ms)


Started GET "/lesson/step3" for 127.0.0.1 at 2018-11-04 20:18:44 +0900
Processing by LessonController#step3 as HTML
Redirected to http://localhost:3000/lesson/step4
Completed 302 Found in 1ms (ActiveRecord: 0.0ms)


Started GET "/lesson/step4" for 127.0.0.1 at 2018-11-04 20:18:44 +0900
Processing by LessonController#step4 as HTML
  Rendering text template
  Rendered text template (0.0ms)
Completed 200 OK in 1ms (Views: 0.3ms | ActiveRecord: 0.0ms)


Started GET "/lesson/step4" for 127.0.0.1 at 2018-11-04 20:21:22 +0900
Processing by LessonController#step4 as HTML
  Rendering text template
  Rendered text template (0.0ms)
Completed 200 OK in 1ms (Views: 0.4ms | ActiveRecord: 0.0ms)


Started GET "/lesson/step5" for 127.0.0.1 at 2018-11-04 20:21:23 +0900
Processing by LessonController#step5 as HTML
Redirected to http://localhost:3000/lesson/step6
Completed 302 Found in 1ms (ActiveRecord: 0.0ms)


Started GET "/lesson/step6" for 127.0.0.1 at 2018-11-04 20:21:23 +0900
Processing by LessonController#step6 as HTML
  Rendering text template
  Rendered text template (0.0ms)
Completed 200 OK in 1ms (Views: 0.3ms | ActiveRecord: 0.0ms)


Started GET "/lesson/step6" for 127.0.0.1 at 2018-11-04 20:21:40 +0900
Processing by LessonController#step6 as HTML
  Rendering text template
  Rendered text template (0.0ms)
Completed 200 OK in 1ms (Views: 0.5ms | ActiveRecord: 0.0ms)


Started GET "/lesson/step7" for 127.0.0.1 at 2018-11-04 20:25:11 +0900
Processing by LessonController#step7 as HTML
  Rendering lesson/step7.html.erb within layouts/application
  Rendered lesson/step7.html.erb within layouts/application (0.4ms)
Completed 200 OK in 18ms (Views: 16.5ms | ActiveRecord: 0.0ms)


Started GET "/lesson/step8" for 127.0.0.1 at 2018-11-04 20:27:15 +0900
Processing by LessonController#step8 as HTML
  Rendering lesson/step7.html.erb within layouts/application
  Rendered lesson/step7.html.erb within layouts/application (0.3ms)
Completed 200 OK in 17ms (Views: 16.6ms | ActiveRecord: 0.0ms)


Started GET "/lesson/step9" for 127.0.0.1 at 2018-11-04 20:29:17 +0900
Processing by LessonController#step9 as HTML
  Rendering lesson/step9.html.erb within layouts/application
  Rendered lesson/step9.html.erb within layouts/application (0.4ms)
Completed 200 OK in 19ms (Views: 17.2ms | ActiveRecord: 0.0ms)


Started GET "/lesson/step10" for 127.0.0.1 at 2018-11-04 20:30:20 +0900
Processing by LessonController#step10 as HTML
  Rendering lesson/step10.html.erb within layouts/application
  Rendered lesson/step10.html.erb within layouts/application (0.3ms)
Completed 200 OK in 18ms (Views: 15.7ms | ActiveRecord: 0.0ms)


Started GET "/" for 127.0.0.1 at 2018-11-04 20:34:26 +0900
Processing by TopController#index as HTML
  Rendering top/index.html.erb within layouts/application
  Rendered top/index.html.erb within layouts/application (0.3ms)
Completed 200 OK in 14ms (Views: 13.1ms | ActiveRecord: 0.0ms)


Started GET "/step11" for 127.0.0.1 at 2018-11-04 20:34:29 +0900
  
ActionController::RoutingError (No route matches [GET] "/step11"):
  
actionpack (5.2.0) lib/action_dispatch/middleware/debug_exceptions.rb:65:in `call'
web-console (3.6.2) lib/web_console/middleware.rb:135:in `call_app'
web-console (3.6.2) lib/web_console/middleware.rb:30:in `block in call'
web-console (3.6.2) lib/web_console/middleware.rb:20:in `catch'
web-console (3.6.2) lib/web_console/middleware.rb:20:in `call'
actionpack (5.2.0) lib/action_dispatch/middleware/show_exceptions.rb:33:in `call'
railties (5.2.0) lib/rails/rack/logger.rb:38:in `call_app'
railties (5.2.0) lib/rails/rack/logger.rb:26:in `block in call'
activesupport (5.2.0) lib/active_support/tagged_logging.rb:71:in `block in tagged'
activesupport (5.2.0) lib/active_support/tagged_logging.rb:28:in `tagged'
activesupport (5.2.0) lib/active_support/tagged_logging.rb:71:in `tagged'
railties (5.2.0) lib/rails/rack/logger.rb:26:in `call'
sprockets-rails (3.2.1) lib/sprockets/rails/quiet_assets.rb:13:in `call'
actionpack (5.2.0) lib/action_dispatch/middleware/remote_ip.rb:81:in `call'
actionpack (5.2.0) lib/action_dispatch/middleware/request_id.rb:27:in `call'
rack (2.0.5) lib/rack/method_override.rb:22:in `call'
rack (2.0.5) lib/rack/runtime.rb:22:in `call'
activesupport (5.2.0) lib/active_support/cache/strategy/local_cache_middleware.rb:29:in `call'
actionpack (5.2.0) lib/action_dispatch/middleware/executor.rb:14:in `call'
actionpack (5.2.0) lib/action_dispatch/middleware/static.rb:127:in `call'
rack (2.0.5) lib/rack/sendfile.rb:111:in `call'
railties (5.2.0) lib/rails/engine.rb:524:in `call'
puma (3.11.4) lib/puma/configuration.rb:225:in `call'
puma (3.11.4) lib/puma/server.rb:632:in `handle_request'
puma (3.11.4) lib/puma/server.rb:446:in `process_client'
puma (3.11.4) lib/puma/server.rb:306:in `block in run'
puma (3.11.4) lib/puma/thread_pool.rb:120:in `block in spawn_thread'
Started GET "/lesson/step11" for 127.0.0.1 at 2018-11-04 20:34:37 +0900
Processing by LessonController#step11 as HTML
  Rendering lesson/step11.html.erb within layouts/application
  Rendered lesson/step11.html.erb within layouts/application (0.5ms)
Completed 200 OK in 18ms (Views: 16.1ms | ActiveRecord: 0.0ms)


Started GET "/lesson/step12" for 127.0.0.1 at 2018-11-04 20:36:18 +0900
Processing by LessonController#step12 as HTML
  Rendering lesson/step12.html.erb within layouts/application
  Rendered lesson/step12.html.erb within layouts/application (2.8ms)
Completed 500 Internal Server Error in 8ms (ActiveRecord: 0.0ms)


  
ActionView::Template::Error (undefined method `strftime' for nil:NilClass):
    1: <p>
    2: <%= @time.strftime("%Y/%m/%d(%a) %H:%M:%S") %>
    3: </p>
  
app/views/lesson/step12.html.erb:2:in `_app_views_lesson_step___html_erb___2472968505137969300_70344968978780'
Started GET "/lesson/step12" for 127.0.0.1 at 2018-11-04 20:36:32 +0900
Processing by LessonController#step12 as HTML
Completed 500 Internal Server Error in 3ms (ActiveRecord: 0.0ms)


  
NoMethodError (undefined method `currentß' for Time:Class
Did you mean?  current):
  
app/controllers/lesson_controller.rb:51:in `step12'
Started GET "/lesson/step12" for 127.0.0.1 at 2018-11-04 20:36:43 +0900
Processing by LessonController#step12 as HTML
  Rendering lesson/step12.html.erb within layouts/application
  Rendered lesson/step12.html.erb within layouts/application (0.4ms)
Completed 200 OK in 19ms (Views: 16.9ms | ActiveRecord: 0.0ms)


Started GET "/lesson/step13" for 127.0.0.1 at 2018-11-04 20:38:16 +0900
Processing by LessonController#step13 as HTML
  Rendering lesson/step13.html.erb within layouts/application
  Rendered lesson/step13.html.erb within layouts/application (0.3ms)
Completed 200 OK in 20ms (Views: 18.1ms | ActiveRecord: 0.0ms)


Started GET "/lesson/step13" for 127.0.0.1 at 2018-11-04 20:38:27 +0900
Processing by LessonController#step13 as HTML
  Rendering lesson/step13.html.erb within layouts/application
  Rendered lesson/step13.html.erb within layouts/application (20.7ms)
Completed 200 OK in 38ms (Views: 36.8ms | ActiveRecord: 0.0ms)


Started GET "/lesson/step14" for 127.0.0.1 at 2018-11-04 20:46:48 +0900
Processing by LessonController#step14 as HTML
  Rendering lesson/step14.html.erb within layouts/application
  Rendered lesson/step14.html.erb within layouts/application (0.3ms)
Completed 200 OK in 18ms (Views: 16.2ms | ActiveRecord: 0.0ms)


Started GET "/lesson/step14" for 127.0.0.1 at 2018-11-04 20:54:04 +0900
Processing by LessonController#step14 as HTML
  Rendering lesson/step14.html.erb within layouts/application
  Rendered lesson/step14.html.erb within layouts/application (0.3ms)
Completed 200 OK in 16ms (Views: 14.3ms | ActiveRecord: 0.0ms)


Started GET "/lesson/step15" for 127.0.0.1 at 2018-11-04 20:54:05 +0900
Processing by LessonController#step15 as HTML
  Rendering lesson/step15.html.erb within layouts/application
  Rendered lesson/step15.html.erb within layouts/application (0.4ms)
Completed 200 OK in 18ms (Views: 16.3ms | ActiveRecord: 0.0ms)


Started GET "/" for 127.0.0.1 at 2018-11-04 20:54:08 +0900
Processing by TopController#index as HTML
  Rendering top/index.html.erb within layouts/application
  Rendered top/index.html.erb within layouts/application (0.4ms)
Completed 200 OK in 16ms (Views: 14.6ms | ActiveRecord: 0.0ms)


Started GET "/" for 127.0.0.1 at 2018-11-04 20:57:12 +0900
Processing by TopController#index as HTML
  Rendering top/index.html.erb within layouts/application
  Rendered top/index.html.erb within layouts/application (0.3ms)
Completed 200 OK in 15ms (Views: 13.9ms | ActiveRecord: 0.0ms)


Started GET "/lesson/step15" for 127.0.0.1 at 2018-11-04 20:57:16 +0900
Processing by LessonController#step15 as HTML
Started GET "/" for 127.0.0.1 at 2018-11-04 20:57:16 +0900
  Rendering lesson/step15.html.erb within layouts/application
  Rendered lesson/step15.html.erb within layouts/application (0.4ms)
Processing by TopController#index as HTML
  Rendering top/index.html.erb within layouts/application
  Rendered top/index.html.erb within layouts/application (0.3ms)
Completed 200 OK in 33ms (Views: 32.0ms | ActiveRecord: 0.0ms)


Completed 200 OK in 27ms (Views: 25.3ms | ActiveRecord: 0.0ms)


Started GET "/lesson/step16" for 127.0.0.1 at 2018-11-04 20:57:19 +0900
Processing by LessonController#step16 as HTML
  Rendering lesson/step16.html.erb within layouts/application
  Rendered lesson/step16.html.erb within layouts/application (1.3ms)
Completed 200 OK in 19ms (Views: 17.1ms | ActiveRecord: 0.0ms)


Started GET "/lesson/step16" for 127.0.0.1 at 2018-11-04 20:58:28 +0900
Processing by LessonController#step16 as HTML
  Rendering lesson/step16.html.erb within layouts/application
  Rendered lesson/step16.html.erb within layouts/application (1.3ms)
Completed 200 OK in 18ms (Views: 16.9ms | ActiveRecord: 0.0ms)


Started GET "/lesson/step16" for 127.0.0.1 at 2018-11-04 20:58:33 +0900
Processing by LessonController#step16 as HTML
  Rendering lesson/step16.html.erb within layouts/application
  Rendered lesson/step16.html.erb within layouts/application (1.6ms)
Completed 200 OK in 24ms (Views: 22.6ms | ActiveRecord: 0.0ms)


Started GET "/lesson/step17" for 127.0.0.1 at 2018-11-04 21:00:53 +0900
Processing by LessonController#step17 as HTML
  Rendering lesson/step17.html.erb within layouts/application
  Rendered lesson/step17.html.erb within layouts/application (0.4ms)
Completed 200 OK in 18ms (Views: 16.7ms | ActiveRecord: 0.0ms)


Started GET "/lesson/step17" for 127.0.0.1 at 2018-11-04 21:01:57 +0900
Processing by LessonController#step17 as HTML
  Rendering lesson/step17.html.erb within layouts/application
  Rendered lesson/step17.html.erb within layouts/application (0.4ms)
Completed 200 OK in 19ms (Views: 16.8ms | ActiveRecord: 0.0ms)


Started GET "/lesson/step18" for 127.0.0.1 at 2018-11-04 21:11:20 +0900
Processing by LessonController#step18 as HTML
  Rendering lesson/step18.html.erb within layouts/application
  Rendered lesson/step18.html.erb within layouts/application (0.6ms)
Completed 200 OK in 18ms (Views: 16.5ms | ActiveRecord: 0.0ms)


Started GET "/" for 127.0.0.1 at 2018-11-05 21:28:39 +0900
  [1m[35m (0.5ms)[0m  [1m[34mSELECT "schema_migrations"."version" FROM "schema_migrations" ORDER BY "schema_migrations"."version" ASC[0m
  ↳ /Users/owner/.rbenv/versions/2.5.1/lib/ruby/gems/2.5.0/gems/activerecord-5.2.0/lib/active_record/log_subscriber.rb:98
Processing by TopController#index as HTML
  Rendering top/index.html.erb within layouts/application
  Rendered top/index.html.erb within layouts/application (1.1ms)
  Rendered shared/_header.html.erb (4.1ms)
Completed 500 Internal Server Error in 215ms (ActiveRecord: 0.0ms)


  
ActionView::Template::Error (The asset "log.gif" is not present in the asset pipeline.):
    1: <%= image_tag "log.gif", size: "272x48", alt: "Morning Glory" %>
    2: 
    3: <nav class="menubar">
    4:   <ul>
  
app/views/shared/_header.html.erb:1:in `_app_views_shared__header_html_erb___4074229900777689789_70107262093920'
app/views/layouts/application.html.erb:15:in `_app_views_layouts_application_html_erb___4017676111255459579_70107260504500'
Started GET "/" for 127.0.0.1 at 2018-11-05 21:29:29 +0900
  [1m[35m (0.1ms)[0m  [1m[34mSELECT "schema_migrations"."version" FROM "schema_migrations" ORDER BY "schema_migrations"."version" ASC[0m
  ↳ /Users/owner/.rbenv/versions/2.5.1/lib/ruby/gems/2.5.0/gems/activerecord-5.2.0/lib/active_record/log_subscriber.rb:98
Processing by TopController#index as HTML
  Rendering top/index.html.erb within layouts/application
  Rendered top/index.html.erb within layouts/application (0.8ms)
  Rendered shared/_header.html.erb (1.9ms)
  Rendered shared/_login_form.html.erb (0.3ms)
  Rendered shared/_sidebar.html.erb (3.0ms)
  Rendered shared/_footer.html.erb (0.5ms)
Completed 200 OK in 194ms (Views: 185.5ms | ActiveRecord: 0.0ms)


Started GET "/" for 127.0.0.1 at 2018-11-05 21:33:04 +0900
  [1m[35m (0.1ms)[0m  [1m[34mSELECT "schema_migrations"."version" FROM "schema_migrations" ORDER BY "schema_migrations"."version" ASC[0m
  ↳ /Users/owner/.rbenv/versions/2.5.1/lib/ruby/gems/2.5.0/gems/activerecord-5.2.0/lib/active_record/log_subscriber.rb:98
Processing by TopController#index as HTML
  Rendering top/index.html.erb within layouts/application
  Rendered top/index.html.erb within layouts/application (0.7ms)
  Rendered shared/_header.html.erb (1.9ms)
  Rendered shared/_login_form.html.erb (0.4ms)
  Rendered shared/_sidebar.html.erb (2.8ms)
  Rendered shared/_footer.html.erb (0.5ms)
Completed 200 OK in 207ms (Views: 198.6ms | ActiveRecord: 0.0ms)


